{"contracts\\TIP.sol":{"l":{"24":0,"25":0,"26":0,"30":0,"34":0,"38":0,"42":0,"46":0,"50":0,"54":0,"62":0,"72":0,"79":0,"86":0},"path":"C:\\Users\\halfs\\Desktop\\Web3 Projects\\W-I-P DAO\\backend\\contracts\\TIP.sol","s":{"1":0,"2":0,"3":0,"4":0,"5":0,"6":0,"7":0,"8":0,"9":0,"10":0,"11":0,"12":0,"13":0,"14":0},"b":{},"f":{"1":0,"2":0,"3":0,"4":0,"5":0,"6":0,"7":0,"8":0,"9":0,"10":0,"11":0,"12":0},"fnMap":{"1":{"name":"constructor","line":23,"loc":{"start":{"line":23,"column":2},"end":{"line":27,"column":2}}},"2":{"name":"changePostThreshold","line":29,"loc":{"start":{"line":29,"column":2},"end":{"line":31,"column":2}}},"3":{"name":"changeCommentThreshold","line":33,"loc":{"start":{"line":33,"column":2},"end":{"line":35,"column":2}}},"4":{"name":"canPost","line":37,"loc":{"start":{"line":37,"column":2},"end":{"line":39,"column":2}}},"5":{"name":"canComment","line":41,"loc":{"start":{"line":41,"column":2},"end":{"line":43,"column":2}}},"6":{"name":"pause","line":45,"loc":{"start":{"line":45,"column":2},"end":{"line":47,"column":2}}},"7":{"name":"unpause","line":49,"loc":{"start":{"line":49,"column":2},"end":{"line":51,"column":2}}},"8":{"name":"mint","line":53,"loc":{"start":{"line":53,"column":2},"end":{"line":55,"column":2}}},"9":{"name":"_beforeTokenTransfer","line":61,"loc":{"start":{"line":57,"column":2},"end":{"line":63,"column":2}}},"10":{"name":"_afterTokenTransfer","line":67,"loc":{"start":{"line":67,"column":2},"end":{"line":73,"column":2}}},"11":{"name":"_mint","line":75,"loc":{"start":{"line":75,"column":2},"end":{"line":80,"column":2}}},"12":{"name":"_burn","line":82,"loc":{"start":{"line":82,"column":2},"end":{"line":87,"column":2}}}},"statementMap":{"1":{"start":{"line":24,"column":4},"end":{"line":24,"column":49}},"2":{"start":{"line":25,"column":4},"end":{"line":25,"column":41}},"3":{"start":{"line":26,"column":4},"end":{"line":26,"column":43}},"4":{"start":{"line":30,"column":4},"end":{"line":30,"column":50}},"5":{"start":{"line":34,"column":4},"end":{"line":34,"column":53}},"6":{"start":{"line":38,"column":4},"end":{"line":38,"column":43}},"7":{"start":{"line":42,"column":4},"end":{"line":42,"column":46}},"8":{"start":{"line":46,"column":4},"end":{"line":46,"column":11}},"9":{"start":{"line":50,"column":4},"end":{"line":50,"column":13}},"10":{"start":{"line":54,"column":4},"end":{"line":54,"column":20}},"11":{"start":{"line":62,"column":4},"end":{"line":62,"column":47}},"12":{"start":{"line":72,"column":4},"end":{"line":72,"column":46}},"13":{"start":{"line":79,"column":4},"end":{"line":79,"column":26}},"14":{"start":{"line":86,"column":4},"end":{"line":86,"column":31}}},"branchMap":{}}}